<?xml version="1.0" encoding="UTF-8"?>
<testsuite xmlns:xsi="http://www.w3.org/2001/XMLSchema-instance" xsi:noNamespaceSchemaLocation="https://maven.apache.org/surefire/maven-surefire-plugin/xsd/surefire-test-report.xsd" name="cloudcode.helloworld.web.HelloWorldControllerTests" time="4.207" tests="1" errors="0" skipped="0" failures="0">
  <properties>
    <property name="gopherProxySet" value="false"/>
    <property name="awt.toolkit" value="sun.lwawt.macosx.LWCToolkit"/>
    <property name="java.specification.version" value="11"/>
    <property name="sun.cpu.isalist" value=""/>
    <property name="sun.jnu.encoding" value="UTF-8"/>
    <property name="java.class.path" value="/Users/akitsch/code/samples/cloud-run-samples/java-sample/target/test-classes:/Users/akitsch/code/samples/cloud-run-samples/java-sample/target/classes:/Users/akitsch/.m2/repository/org/springframework/boot/spring-boot-starter/2.1.4.RELEASE/spring-boot-starter-2.1.4.RELEASE.jar:/Users/akitsch/.m2/repository/org/springframework/boot/spring-boot/2.1.4.RELEASE/spring-boot-2.1.4.RELEASE.jar:/Users/akitsch/.m2/repository/org/springframework/boot/spring-boot-autoconfigure/2.1.4.RELEASE/spring-boot-autoconfigure-2.1.4.RELEASE.jar:/Users/akitsch/.m2/repository/org/springframework/boot/spring-boot-starter-logging/2.1.4.RELEASE/spring-boot-starter-logging-2.1.4.RELEASE.jar:/Users/akitsch/.m2/repository/ch/qos/logback/logback-classic/1.2.3/logback-classic-1.2.3.jar:/Users/akitsch/.m2/repository/ch/qos/logback/logback-core/1.2.3/logback-core-1.2.3.jar:/Users/akitsch/.m2/repository/org/apache/logging/log4j/log4j-to-slf4j/2.11.2/log4j-to-slf4j-2.11.2.jar:/Users/akitsch/.m2/repository/org/apache/logging/log4j/log4j-api/2.11.2/log4j-api-2.11.2.jar:/Users/akitsch/.m2/repository/org/slf4j/jul-to-slf4j/1.7.26/jul-to-slf4j-1.7.26.jar:/Users/akitsch/.m2/repository/javax/annotation/javax.annotation-api/1.3.2/javax.annotation-api-1.3.2.jar:/Users/akitsch/.m2/repository/org/springframework/spring-core/5.1.6.RELEASE/spring-core-5.1.6.RELEASE.jar:/Users/akitsch/.m2/repository/org/springframework/spring-jcl/5.1.6.RELEASE/spring-jcl-5.1.6.RELEASE.jar:/Users/akitsch/.m2/repository/org/yaml/snakeyaml/1.23/snakeyaml-1.23.jar:/Users/akitsch/.m2/repository/org/springframework/boot/spring-boot-starter-jetty/2.1.4.RELEASE/spring-boot-starter-jetty-2.1.4.RELEASE.jar:/Users/akitsch/.m2/repository/org/eclipse/jetty/jetty-servlets/9.4.15.v20190215/jetty-servlets-9.4.15.v20190215.jar:/Users/akitsch/.m2/repository/org/eclipse/jetty/jetty-continuation/9.4.15.v20190215/jetty-continuation-9.4.15.v20190215.jar:/Users/akitsch/.m2/repository/org/eclipse/jetty/jetty-http/9.4.15.v20190215/jetty-http-9.4.15.v20190215.jar:/Users/akitsch/.m2/repository/org/eclipse/jetty/jetty-util/9.4.15.v20190215/jetty-util-9.4.15.v20190215.jar:/Users/akitsch/.m2/repository/org/eclipse/jetty/jetty-io/9.4.15.v20190215/jetty-io-9.4.15.v20190215.jar:/Users/akitsch/.m2/repository/org/eclipse/jetty/jetty-webapp/9.4.15.v20190215/jetty-webapp-9.4.15.v20190215.jar:/Users/akitsch/.m2/repository/org/eclipse/jetty/jetty-xml/9.4.15.v20190215/jetty-xml-9.4.15.v20190215.jar:/Users/akitsch/.m2/repository/org/eclipse/jetty/jetty-servlet/9.4.15.v20190215/jetty-servlet-9.4.15.v20190215.jar:/Users/akitsch/.m2/repository/org/eclipse/jetty/jetty-security/9.4.15.v20190215/jetty-security-9.4.15.v20190215.jar:/Users/akitsch/.m2/repository/org/eclipse/jetty/jetty-server/9.4.15.v20190215/jetty-server-9.4.15.v20190215.jar:/Users/akitsch/.m2/repository/org/eclipse/jetty/websocket/websocket-server/9.4.15.v20190215/websocket-server-9.4.15.v20190215.jar:/Users/akitsch/.m2/repository/org/eclipse/jetty/websocket/websocket-common/9.4.15.v20190215/websocket-common-9.4.15.v20190215.jar:/Users/akitsch/.m2/repository/org/eclipse/jetty/websocket/websocket-api/9.4.15.v20190215/websocket-api-9.4.15.v20190215.jar:/Users/akitsch/.m2/repository/org/eclipse/jetty/websocket/websocket-client/9.4.15.v20190215/websocket-client-9.4.15.v20190215.jar:/Users/akitsch/.m2/repository/org/eclipse/jetty/jetty-client/9.4.15.v20190215/jetty-client-9.4.15.v20190215.jar:/Users/akitsch/.m2/repository/org/eclipse/jetty/websocket/websocket-servlet/9.4.15.v20190215/websocket-servlet-9.4.15.v20190215.jar:/Users/akitsch/.m2/repository/javax/servlet/javax.servlet-api/4.0.1/javax.servlet-api-4.0.1.jar:/Users/akitsch/.m2/repository/org/eclipse/jetty/websocket/javax-websocket-server-impl/9.4.15.v20190215/javax-websocket-server-impl-9.4.15.v20190215.jar:/Users/akitsch/.m2/repository/org/eclipse/jetty/jetty-annotations/9.4.15.v20190215/jetty-annotations-9.4.15.v20190215.jar:/Users/akitsch/.m2/repository/org/eclipse/jetty/jetty-plus/9.4.15.v20190215/jetty-plus-9.4.15.v20190215.jar:/Users/akitsch/.m2/repository/org/ow2/asm/asm/7.0/asm-7.0.jar:/Users/akitsch/.m2/repository/org/ow2/asm/asm-commons/7.0/asm-commons-7.0.jar:/Users/akitsch/.m2/repository/org/ow2/asm/asm-tree/7.0/asm-tree-7.0.jar:/Users/akitsch/.m2/repository/org/ow2/asm/asm-analysis/7.0/asm-analysis-7.0.jar:/Users/akitsch/.m2/repository/org/eclipse/jetty/websocket/javax-websocket-client-impl/9.4.15.v20190215/javax-websocket-client-impl-9.4.15.v20190215.jar:/Users/akitsch/.m2/repository/javax/websocket/javax.websocket-api/1.1/javax.websocket-api-1.1.jar:/Users/akitsch/.m2/repository/org/mortbay/jasper/apache-el/8.5.35.1/apache-el-8.5.35.1.jar:/Users/akitsch/.m2/repository/org/springframework/spring-webmvc/5.1.6.RELEASE/spring-webmvc-5.1.6.RELEASE.jar:/Users/akitsch/.m2/repository/org/springframework/spring-aop/5.1.6.RELEASE/spring-aop-5.1.6.RELEASE.jar:/Users/akitsch/.m2/repository/org/springframework/spring-beans/5.1.6.RELEASE/spring-beans-5.1.6.RELEASE.jar:/Users/akitsch/.m2/repository/org/springframework/spring-context/5.1.6.RELEASE/spring-context-5.1.6.RELEASE.jar:/Users/akitsch/.m2/repository/org/springframework/spring-expression/5.1.6.RELEASE/spring-expression-5.1.6.RELEASE.jar:/Users/akitsch/.m2/repository/org/springframework/spring-web/5.1.6.RELEASE/spring-web-5.1.6.RELEASE.jar:/Users/akitsch/.m2/repository/org/springframework/boot/spring-boot-starter-thymeleaf/2.1.4.RELEASE/spring-boot-starter-thymeleaf-2.1.4.RELEASE.jar:/Users/akitsch/.m2/repository/org/thymeleaf/thymeleaf-spring5/3.0.11.RELEASE/thymeleaf-spring5-3.0.11.RELEASE.jar:/Users/akitsch/.m2/repository/org/thymeleaf/thymeleaf/3.0.11.RELEASE/thymeleaf-3.0.11.RELEASE.jar:/Users/akitsch/.m2/repository/org/attoparser/attoparser/2.0.5.RELEASE/attoparser-2.0.5.RELEASE.jar:/Users/akitsch/.m2/repository/org/unbescape/unbescape/1.1.6.RELEASE/unbescape-1.1.6.RELEASE.jar:/Users/akitsch/.m2/repository/org/thymeleaf/extras/thymeleaf-extras-java8time/3.0.4.RELEASE/thymeleaf-extras-java8time-3.0.4.RELEASE.jar:/Users/akitsch/.m2/repository/org/springframework/cloud/spring-cloud-gcp-starter-logging/1.2.2.RELEASE/spring-cloud-gcp-starter-logging-1.2.2.RELEASE.jar:/Users/akitsch/.m2/repository/org/springframework/cloud/spring-cloud-gcp-starter/1.2.2.RELEASE/spring-cloud-gcp-starter-1.2.2.RELEASE.jar:/Users/akitsch/.m2/repository/org/springframework/cloud/spring-cloud-gcp-core/1.2.2.RELEASE/spring-cloud-gcp-core-1.2.2.RELEASE.jar:/Users/akitsch/.m2/repository/com/google/cloud/google-cloud-core/1.93.0/google-cloud-core-1.93.0.jar:/Users/akitsch/.m2/repository/com/google/guava/guava/28.2-android/guava-28.2-android.jar:/Users/akitsch/.m2/repository/com/google/guava/failureaccess/1.0.1/failureaccess-1.0.1.jar:/Users/akitsch/.m2/repository/com/google/guava/listenablefuture/9999.0-empty-to-avoid-conflict-with-guava/listenablefuture-9999.0-empty-to-avoid-conflict-with-guava.jar:/Users/akitsch/.m2/repository/org/checkerframework/checker-compat-qual/2.5.5/checker-compat-qual-2.5.5.jar:/Users/akitsch/.m2/repository/com/google/errorprone/error_prone_annotations/2.3.4/error_prone_annotations-2.3.4.jar:/Users/akitsch/.m2/repository/com/google/j2objc/j2objc-annotations/1.3/j2objc-annotations-1.3.jar:/Users/akitsch/.m2/repository/com/google/api/gax/1.54.0/gax-1.54.0.jar:/Users/akitsch/.m2/repository/io/opencensus/opencensus-api/0.24.0/opencensus-api-0.24.0.jar:/Users/akitsch/.m2/repository/com/google/auto/value/auto-value-annotations/1.7/auto-value-annotations-1.7.jar:/Users/akitsch/.m2/repository/com/google/protobuf/protobuf-java-util/3.11.4/protobuf-java-util-3.11.4.jar:/Users/akitsch/.m2/repository/com/google/code/gson/gson/2.8.5/gson-2.8.5.jar:/Users/akitsch/.m2/repository/com/google/api/grpc/proto-google-common-protos/1.17.0/proto-google-common-protos-1.17.0.jar:/Users/akitsch/.m2/repository/com/google/api/grpc/proto-google-iam-v1/0.13.0/proto-google-iam-v1-0.13.0.jar:/Users/akitsch/.m2/repository/org/threeten/threetenbp/1.4.1/threetenbp-1.4.1.jar:/Users/akitsch/.m2/repository/com/google/api/api-common/1.8.1/api-common-1.8.1.jar:/Users/akitsch/.m2/repository/com/google/auth/google-auth-library-credentials/0.20.0/google-auth-library-credentials-0.20.0.jar:/Users/akitsch/.m2/repository/com/google/auth/google-auth-library-oauth2-http/0.20.0/google-auth-library-oauth2-http-0.20.0.jar:/Users/akitsch/.m2/repository/com/google/http-client/google-http-client/1.34.2/google-http-client-1.34.2.jar:/Users/akitsch/.m2/repository/org/apache/httpcomponents/httpclient/4.5.8/httpclient-4.5.8.jar:/Users/akitsch/.m2/repository/commons-codec/commons-codec/1.11/commons-codec-1.11.jar:/Users/akitsch/.m2/repository/org/apache/httpcomponents/httpcore/4.4.11/httpcore-4.4.11.jar:/Users/akitsch/.m2/repository/io/opencensus/opencensus-contrib-http-util/0.24.0/opencensus-contrib-http-util-0.24.0.jar:/Users/akitsch/.m2/repository/com/google/http-client/google-http-client-jackson2/1.34.2/google-http-client-jackson2-1.34.2.jar:/Users/akitsch/.m2/repository/com/fasterxml/jackson/core/jackson-core/2.9.8/jackson-core-2.9.8.jar:/Users/akitsch/.m2/repository/com/google/protobuf/protobuf-java/3.11.4/protobuf-java-3.11.4.jar:/Users/akitsch/.m2/repository/com/google/code/findbugs/jsr305/3.0.2/jsr305-3.0.2.jar:/Users/akitsch/.m2/repository/org/springframework/cloud/spring-cloud-gcp-autoconfigure/1.2.2.RELEASE/spring-cloud-gcp-autoconfigure-1.2.2.RELEASE.jar:/Users/akitsch/.m2/repository/org/springframework/cloud/spring-cloud-gcp-logging/1.2.2.RELEASE/spring-cloud-gcp-logging-1.2.2.RELEASE.jar:/Users/akitsch/.m2/repository/ch/qos/logback/contrib/logback-json-classic/0.1.5/logback-json-classic-0.1.5.jar:/Users/akitsch/.m2/repository/ch/qos/logback/contrib/logback-json-core/0.1.5/logback-json-core-0.1.5.jar:/Users/akitsch/.m2/repository/com/google/cloud/google-cloud-logging-logback/0.116.0-alpha/google-cloud-logging-logback-0.116.0-alpha.jar:/Users/akitsch/.m2/repository/com/google/cloud/google-cloud-logging/1.100.0/google-cloud-logging-1.100.0.jar:/Users/akitsch/.m2/repository/io/grpc/grpc-api/1.27.2/grpc-api-1.27.2.jar:/Users/akitsch/.m2/repository/io/grpc/grpc-context/1.27.2/grpc-context-1.27.2.jar:/Users/akitsch/.m2/repository/org/codehaus/mojo/animal-sniffer-annotations/1.18/animal-sniffer-annotations-1.18.jar:/Users/akitsch/.m2/repository/io/grpc/grpc-stub/1.27.2/grpc-stub-1.27.2.jar:/Users/akitsch/.m2/repository/io/grpc/grpc-protobuf/1.27.2/grpc-protobuf-1.27.2.jar:/Users/akitsch/.m2/repository/io/grpc/grpc-protobuf-lite/1.27.2/grpc-protobuf-lite-1.27.2.jar:/Users/akitsch/.m2/repository/com/google/api/grpc/proto-google-cloud-logging-v2/0.83.0/proto-google-cloud-logging-v2-0.83.0.jar:/Users/akitsch/.m2/repository/com/google/api/gax-grpc/1.54.0/gax-grpc-1.54.0.jar:/Users/akitsch/.m2/repository/io/grpc/grpc-auth/1.27.2/grpc-auth-1.27.2.jar:/Users/akitsch/.m2/repository/io/grpc/grpc-netty-shaded/1.27.2/grpc-netty-shaded-1.27.2.jar:/Users/akitsch/.m2/repository/io/grpc/grpc-alts/1.27.2/grpc-alts-1.27.2.jar:/Users/akitsch/.m2/repository/io/grpc/grpc-grpclb/1.27.2/grpc-grpclb-1.27.2.jar:/Users/akitsch/.m2/repository/org/apache/commons/commons-lang3/3.8.1/commons-lang3-3.8.1.jar:/Users/akitsch/.m2/repository/org/conscrypt/conscrypt-openjdk-uber/2.2.1/conscrypt-openjdk-uber-2.2.1.jar:/Users/akitsch/.m2/repository/com/google/cloud/google-cloud-core-grpc/1.93.0/google-cloud-core-grpc-1.93.0.jar:/Users/akitsch/.m2/repository/io/grpc/grpc-core/1.27.2/grpc-core-1.27.2.jar:/Users/akitsch/.m2/repository/com/google/android/annotations/4.1.1.4/annotations-4.1.1.4.jar:/Users/akitsch/.m2/repository/io/perfmark/perfmark-api/0.19.0/perfmark-api-0.19.0.jar:/Users/akitsch/.m2/repository/org/slf4j/slf4j-api/1.7.26/slf4j-api-1.7.26.jar:/Users/akitsch/.m2/repository/com/squareup/okhttp3/okhttp/4.0.1/okhttp-4.0.1.jar:/Users/akitsch/.m2/repository/com/squareup/okio/okio/2.2.2/okio-2.2.2.jar:/Users/akitsch/.m2/repository/org/jetbrains/kotlin/kotlin-stdlib/1.2.71/kotlin-stdlib-1.2.71.jar:/Users/akitsch/.m2/repository/org/jetbrains/kotlin/kotlin-stdlib-common/1.2.71/kotlin-stdlib-common-1.2.71.jar:/Users/akitsch/.m2/repository/org/jetbrains/annotations/13.0/annotations-13.0.jar:/Users/akitsch/.m2/repository/org/springframework/boot/spring-boot-starter-test/2.1.4.RELEASE/spring-boot-starter-test-2.1.4.RELEASE.jar:/Users/akitsch/.m2/repository/org/springframework/boot/spring-boot-test/2.1.4.RELEASE/spring-boot-test-2.1.4.RELEASE.jar:/Users/akitsch/.m2/repository/org/springframework/boot/spring-boot-test-autoconfigure/2.1.4.RELEASE/spring-boot-test-autoconfigure-2.1.4.RELEASE.jar:/Users/akitsch/.m2/repository/com/jayway/jsonpath/json-path/2.4.0/json-path-2.4.0.jar:/Users/akitsch/.m2/repository/net/minidev/json-smart/2.3/json-smart-2.3.jar:/Users/akitsch/.m2/repository/net/minidev/accessors-smart/1.2/accessors-smart-1.2.jar:/Users/akitsch/.m2/repository/junit/junit/4.12/junit-4.12.jar:/Users/akitsch/.m2/repository/org/assertj/assertj-core/3.11.1/assertj-core-3.11.1.jar:/Users/akitsch/.m2/repository/org/mockito/mockito-core/2.23.4/mockito-core-2.23.4.jar:/Users/akitsch/.m2/repository/net/bytebuddy/byte-buddy/1.9.12/byte-buddy-1.9.12.jar:/Users/akitsch/.m2/repository/net/bytebuddy/byte-buddy-agent/1.9.12/byte-buddy-agent-1.9.12.jar:/Users/akitsch/.m2/repository/org/objenesis/objenesis/2.6/objenesis-2.6.jar:/Users/akitsch/.m2/repository/org/hamcrest/hamcrest-core/1.3/hamcrest-core-1.3.jar:/Users/akitsch/.m2/repository/org/hamcrest/hamcrest-library/1.3/hamcrest-library-1.3.jar:/Users/akitsch/.m2/repository/org/skyscreamer/jsonassert/1.5.0/jsonassert-1.5.0.jar:/Users/akitsch/.m2/repository/com/vaadin/external/google/android-json/0.0.20131108.vaadin1/android-json-0.0.20131108.vaadin1.jar:/Users/akitsch/.m2/repository/org/springframework/spring-test/5.1.6.RELEASE/spring-test-5.1.6.RELEASE.jar:/Users/akitsch/.m2/repository/org/xmlunit/xmlunit-core/2.6.2/xmlunit-core-2.6.2.jar:/Users/akitsch/.m2/repository/javax/xml/bind/jaxb-api/2.3.1/jaxb-api-2.3.1.jar:/Users/akitsch/.m2/repository/javax/activation/javax.activation-api/1.2.0/javax.activation-api-1.2.0.jar:"/>
    <property name="java.vm.vendor" value="Oracle Corporation"/>
    <property name="sun.arch.data.model" value="64"/>
    <property name="java.vendor.url" value="http://java.oracle.com/"/>
    <property name="user.timezone" value=""/>
    <property name="java.vm.specification.version" value="11"/>
    <property name="os.name" value="Mac OS X"/>
    <property name="sun.java.launcher" value="SUN_STANDARD"/>
    <property name="user.country" value="US"/>
    <property name="sun.boot.library.path" value="/Library/Java/JavaVirtualMachines/jdk-11.0.4.jdk/Contents/Home/lib"/>
    <property name="sun.java.command" value="/Users/akitsch/code/samples/cloud-run-samples/java-sample/target/surefire/surefirebooter15811150754234340380.jar /Users/akitsch/code/samples/cloud-run-samples/java-sample/target/surefire 2020-04-27T09-44-47_591-jvmRun1 surefire10459195441762649895tmp surefire_013136168785310309711tmp"/>
    <property name="http.nonProxyHosts" value="local|*.local|169.254/16|*.169.254/16"/>
    <property name="jdk.debug" value="release"/>
    <property name="surefire.test.class.path" value="/Users/akitsch/code/samples/cloud-run-samples/java-sample/target/test-classes:/Users/akitsch/code/samples/cloud-run-samples/java-sample/target/classes:/Users/akitsch/.m2/repository/org/springframework/boot/spring-boot-starter/2.1.4.RELEASE/spring-boot-starter-2.1.4.RELEASE.jar:/Users/akitsch/.m2/repository/org/springframework/boot/spring-boot/2.1.4.RELEASE/spring-boot-2.1.4.RELEASE.jar:/Users/akitsch/.m2/repository/org/springframework/boot/spring-boot-autoconfigure/2.1.4.RELEASE/spring-boot-autoconfigure-2.1.4.RELEASE.jar:/Users/akitsch/.m2/repository/org/springframework/boot/spring-boot-starter-logging/2.1.4.RELEASE/spring-boot-starter-logging-2.1.4.RELEASE.jar:/Users/akitsch/.m2/repository/ch/qos/logback/logback-classic/1.2.3/logback-classic-1.2.3.jar:/Users/akitsch/.m2/repository/ch/qos/logback/logback-core/1.2.3/logback-core-1.2.3.jar:/Users/akitsch/.m2/repository/org/apache/logging/log4j/log4j-to-slf4j/2.11.2/log4j-to-slf4j-2.11.2.jar:/Users/akitsch/.m2/repository/org/apache/logging/log4j/log4j-api/2.11.2/log4j-api-2.11.2.jar:/Users/akitsch/.m2/repository/org/slf4j/jul-to-slf4j/1.7.26/jul-to-slf4j-1.7.26.jar:/Users/akitsch/.m2/repository/javax/annotation/javax.annotation-api/1.3.2/javax.annotation-api-1.3.2.jar:/Users/akitsch/.m2/repository/org/springframework/spring-core/5.1.6.RELEASE/spring-core-5.1.6.RELEASE.jar:/Users/akitsch/.m2/repository/org/springframework/spring-jcl/5.1.6.RELEASE/spring-jcl-5.1.6.RELEASE.jar:/Users/akitsch/.m2/repository/org/yaml/snakeyaml/1.23/snakeyaml-1.23.jar:/Users/akitsch/.m2/repository/org/springframework/boot/spring-boot-starter-jetty/2.1.4.RELEASE/spring-boot-starter-jetty-2.1.4.RELEASE.jar:/Users/akitsch/.m2/repository/org/eclipse/jetty/jetty-servlets/9.4.15.v20190215/jetty-servlets-9.4.15.v20190215.jar:/Users/akitsch/.m2/repository/org/eclipse/jetty/jetty-continuation/9.4.15.v20190215/jetty-continuation-9.4.15.v20190215.jar:/Users/akitsch/.m2/repository/org/eclipse/jetty/jetty-http/9.4.15.v20190215/jetty-http-9.4.15.v20190215.jar:/Users/akitsch/.m2/repository/org/eclipse/jetty/jetty-util/9.4.15.v20190215/jetty-util-9.4.15.v20190215.jar:/Users/akitsch/.m2/repository/org/eclipse/jetty/jetty-io/9.4.15.v20190215/jetty-io-9.4.15.v20190215.jar:/Users/akitsch/.m2/repository/org/eclipse/jetty/jetty-webapp/9.4.15.v20190215/jetty-webapp-9.4.15.v20190215.jar:/Users/akitsch/.m2/repository/org/eclipse/jetty/jetty-xml/9.4.15.v20190215/jetty-xml-9.4.15.v20190215.jar:/Users/akitsch/.m2/repository/org/eclipse/jetty/jetty-servlet/9.4.15.v20190215/jetty-servlet-9.4.15.v20190215.jar:/Users/akitsch/.m2/repository/org/eclipse/jetty/jetty-security/9.4.15.v20190215/jetty-security-9.4.15.v20190215.jar:/Users/akitsch/.m2/repository/org/eclipse/jetty/jetty-server/9.4.15.v20190215/jetty-server-9.4.15.v20190215.jar:/Users/akitsch/.m2/repository/org/eclipse/jetty/websocket/websocket-server/9.4.15.v20190215/websocket-server-9.4.15.v20190215.jar:/Users/akitsch/.m2/repository/org/eclipse/jetty/websocket/websocket-common/9.4.15.v20190215/websocket-common-9.4.15.v20190215.jar:/Users/akitsch/.m2/repository/org/eclipse/jetty/websocket/websocket-api/9.4.15.v20190215/websocket-api-9.4.15.v20190215.jar:/Users/akitsch/.m2/repository/org/eclipse/jetty/websocket/websocket-client/9.4.15.v20190215/websocket-client-9.4.15.v20190215.jar:/Users/akitsch/.m2/repository/org/eclipse/jetty/jetty-client/9.4.15.v20190215/jetty-client-9.4.15.v20190215.jar:/Users/akitsch/.m2/repository/org/eclipse/jetty/websocket/websocket-servlet/9.4.15.v20190215/websocket-servlet-9.4.15.v20190215.jar:/Users/akitsch/.m2/repository/javax/servlet/javax.servlet-api/4.0.1/javax.servlet-api-4.0.1.jar:/Users/akitsch/.m2/repository/org/eclipse/jetty/websocket/javax-websocket-server-impl/9.4.15.v20190215/javax-websocket-server-impl-9.4.15.v20190215.jar:/Users/akitsch/.m2/repository/org/eclipse/jetty/jetty-annotations/9.4.15.v20190215/jetty-annotations-9.4.15.v20190215.jar:/Users/akitsch/.m2/repository/org/eclipse/jetty/jetty-plus/9.4.15.v20190215/jetty-plus-9.4.15.v20190215.jar:/Users/akitsch/.m2/repository/org/ow2/asm/asm/7.0/asm-7.0.jar:/Users/akitsch/.m2/repository/org/ow2/asm/asm-commons/7.0/asm-commons-7.0.jar:/Users/akitsch/.m2/repository/org/ow2/asm/asm-tree/7.0/asm-tree-7.0.jar:/Users/akitsch/.m2/repository/org/ow2/asm/asm-analysis/7.0/asm-analysis-7.0.jar:/Users/akitsch/.m2/repository/org/eclipse/jetty/websocket/javax-websocket-client-impl/9.4.15.v20190215/javax-websocket-client-impl-9.4.15.v20190215.jar:/Users/akitsch/.m2/repository/javax/websocket/javax.websocket-api/1.1/javax.websocket-api-1.1.jar:/Users/akitsch/.m2/repository/org/mortbay/jasper/apache-el/8.5.35.1/apache-el-8.5.35.1.jar:/Users/akitsch/.m2/repository/org/springframework/spring-webmvc/5.1.6.RELEASE/spring-webmvc-5.1.6.RELEASE.jar:/Users/akitsch/.m2/repository/org/springframework/spring-aop/5.1.6.RELEASE/spring-aop-5.1.6.RELEASE.jar:/Users/akitsch/.m2/repository/org/springframework/spring-beans/5.1.6.RELEASE/spring-beans-5.1.6.RELEASE.jar:/Users/akitsch/.m2/repository/org/springframework/spring-context/5.1.6.RELEASE/spring-context-5.1.6.RELEASE.jar:/Users/akitsch/.m2/repository/org/springframework/spring-expression/5.1.6.RELEASE/spring-expression-5.1.6.RELEASE.jar:/Users/akitsch/.m2/repository/org/springframework/spring-web/5.1.6.RELEASE/spring-web-5.1.6.RELEASE.jar:/Users/akitsch/.m2/repository/org/springframework/boot/spring-boot-starter-thymeleaf/2.1.4.RELEASE/spring-boot-starter-thymeleaf-2.1.4.RELEASE.jar:/Users/akitsch/.m2/repository/org/thymeleaf/thymeleaf-spring5/3.0.11.RELEASE/thymeleaf-spring5-3.0.11.RELEASE.jar:/Users/akitsch/.m2/repository/org/thymeleaf/thymeleaf/3.0.11.RELEASE/thymeleaf-3.0.11.RELEASE.jar:/Users/akitsch/.m2/repository/org/attoparser/attoparser/2.0.5.RELEASE/attoparser-2.0.5.RELEASE.jar:/Users/akitsch/.m2/repository/org/unbescape/unbescape/1.1.6.RELEASE/unbescape-1.1.6.RELEASE.jar:/Users/akitsch/.m2/repository/org/thymeleaf/extras/thymeleaf-extras-java8time/3.0.4.RELEASE/thymeleaf-extras-java8time-3.0.4.RELEASE.jar:/Users/akitsch/.m2/repository/org/springframework/cloud/spring-cloud-gcp-starter-logging/1.2.2.RELEASE/spring-cloud-gcp-starter-logging-1.2.2.RELEASE.jar:/Users/akitsch/.m2/repository/org/springframework/cloud/spring-cloud-gcp-starter/1.2.2.RELEASE/spring-cloud-gcp-starter-1.2.2.RELEASE.jar:/Users/akitsch/.m2/repository/org/springframework/cloud/spring-cloud-gcp-core/1.2.2.RELEASE/spring-cloud-gcp-core-1.2.2.RELEASE.jar:/Users/akitsch/.m2/repository/com/google/cloud/google-cloud-core/1.93.0/google-cloud-core-1.93.0.jar:/Users/akitsch/.m2/repository/com/google/guava/guava/28.2-android/guava-28.2-android.jar:/Users/akitsch/.m2/repository/com/google/guava/failureaccess/1.0.1/failureaccess-1.0.1.jar:/Users/akitsch/.m2/repository/com/google/guava/listenablefuture/9999.0-empty-to-avoid-conflict-with-guava/listenablefuture-9999.0-empty-to-avoid-conflict-with-guava.jar:/Users/akitsch/.m2/repository/org/checkerframework/checker-compat-qual/2.5.5/checker-compat-qual-2.5.5.jar:/Users/akitsch/.m2/repository/com/google/errorprone/error_prone_annotations/2.3.4/error_prone_annotations-2.3.4.jar:/Users/akitsch/.m2/repository/com/google/j2objc/j2objc-annotations/1.3/j2objc-annotations-1.3.jar:/Users/akitsch/.m2/repository/com/google/api/gax/1.54.0/gax-1.54.0.jar:/Users/akitsch/.m2/repository/io/opencensus/opencensus-api/0.24.0/opencensus-api-0.24.0.jar:/Users/akitsch/.m2/repository/com/google/auto/value/auto-value-annotations/1.7/auto-value-annotations-1.7.jar:/Users/akitsch/.m2/repository/com/google/protobuf/protobuf-java-util/3.11.4/protobuf-java-util-3.11.4.jar:/Users/akitsch/.m2/repository/com/google/code/gson/gson/2.8.5/gson-2.8.5.jar:/Users/akitsch/.m2/repository/com/google/api/grpc/proto-google-common-protos/1.17.0/proto-google-common-protos-1.17.0.jar:/Users/akitsch/.m2/repository/com/google/api/grpc/proto-google-iam-v1/0.13.0/proto-google-iam-v1-0.13.0.jar:/Users/akitsch/.m2/repository/org/threeten/threetenbp/1.4.1/threetenbp-1.4.1.jar:/Users/akitsch/.m2/repository/com/google/api/api-common/1.8.1/api-common-1.8.1.jar:/Users/akitsch/.m2/repository/com/google/auth/google-auth-library-credentials/0.20.0/google-auth-library-credentials-0.20.0.jar:/Users/akitsch/.m2/repository/com/google/auth/google-auth-library-oauth2-http/0.20.0/google-auth-library-oauth2-http-0.20.0.jar:/Users/akitsch/.m2/repository/com/google/http-client/google-http-client/1.34.2/google-http-client-1.34.2.jar:/Users/akitsch/.m2/repository/org/apache/httpcomponents/httpclient/4.5.8/httpclient-4.5.8.jar:/Users/akitsch/.m2/repository/commons-codec/commons-codec/1.11/commons-codec-1.11.jar:/Users/akitsch/.m2/repository/org/apache/httpcomponents/httpcore/4.4.11/httpcore-4.4.11.jar:/Users/akitsch/.m2/repository/io/opencensus/opencensus-contrib-http-util/0.24.0/opencensus-contrib-http-util-0.24.0.jar:/Users/akitsch/.m2/repository/com/google/http-client/google-http-client-jackson2/1.34.2/google-http-client-jackson2-1.34.2.jar:/Users/akitsch/.m2/repository/com/fasterxml/jackson/core/jackson-core/2.9.8/jackson-core-2.9.8.jar:/Users/akitsch/.m2/repository/com/google/protobuf/protobuf-java/3.11.4/protobuf-java-3.11.4.jar:/Users/akitsch/.m2/repository/com/google/code/findbugs/jsr305/3.0.2/jsr305-3.0.2.jar:/Users/akitsch/.m2/repository/org/springframework/cloud/spring-cloud-gcp-autoconfigure/1.2.2.RELEASE/spring-cloud-gcp-autoconfigure-1.2.2.RELEASE.jar:/Users/akitsch/.m2/repository/org/springframework/cloud/spring-cloud-gcp-logging/1.2.2.RELEASE/spring-cloud-gcp-logging-1.2.2.RELEASE.jar:/Users/akitsch/.m2/repository/ch/qos/logback/contrib/logback-json-classic/0.1.5/logback-json-classic-0.1.5.jar:/Users/akitsch/.m2/repository/ch/qos/logback/contrib/logback-json-core/0.1.5/logback-json-core-0.1.5.jar:/Users/akitsch/.m2/repository/com/google/cloud/google-cloud-logging-logback/0.116.0-alpha/google-cloud-logging-logback-0.116.0-alpha.jar:/Users/akitsch/.m2/repository/com/google/cloud/google-cloud-logging/1.100.0/google-cloud-logging-1.100.0.jar:/Users/akitsch/.m2/repository/io/grpc/grpc-api/1.27.2/grpc-api-1.27.2.jar:/Users/akitsch/.m2/repository/io/grpc/grpc-context/1.27.2/grpc-context-1.27.2.jar:/Users/akitsch/.m2/repository/org/codehaus/mojo/animal-sniffer-annotations/1.18/animal-sniffer-annotations-1.18.jar:/Users/akitsch/.m2/repository/io/grpc/grpc-stub/1.27.2/grpc-stub-1.27.2.jar:/Users/akitsch/.m2/repository/io/grpc/grpc-protobuf/1.27.2/grpc-protobuf-1.27.2.jar:/Users/akitsch/.m2/repository/io/grpc/grpc-protobuf-lite/1.27.2/grpc-protobuf-lite-1.27.2.jar:/Users/akitsch/.m2/repository/com/google/api/grpc/proto-google-cloud-logging-v2/0.83.0/proto-google-cloud-logging-v2-0.83.0.jar:/Users/akitsch/.m2/repository/com/google/api/gax-grpc/1.54.0/gax-grpc-1.54.0.jar:/Users/akitsch/.m2/repository/io/grpc/grpc-auth/1.27.2/grpc-auth-1.27.2.jar:/Users/akitsch/.m2/repository/io/grpc/grpc-netty-shaded/1.27.2/grpc-netty-shaded-1.27.2.jar:/Users/akitsch/.m2/repository/io/grpc/grpc-alts/1.27.2/grpc-alts-1.27.2.jar:/Users/akitsch/.m2/repository/io/grpc/grpc-grpclb/1.27.2/grpc-grpclb-1.27.2.jar:/Users/akitsch/.m2/repository/org/apache/commons/commons-lang3/3.8.1/commons-lang3-3.8.1.jar:/Users/akitsch/.m2/repository/org/conscrypt/conscrypt-openjdk-uber/2.2.1/conscrypt-openjdk-uber-2.2.1.jar:/Users/akitsch/.m2/repository/com/google/cloud/google-cloud-core-grpc/1.93.0/google-cloud-core-grpc-1.93.0.jar:/Users/akitsch/.m2/repository/io/grpc/grpc-core/1.27.2/grpc-core-1.27.2.jar:/Users/akitsch/.m2/repository/com/google/android/annotations/4.1.1.4/annotations-4.1.1.4.jar:/Users/akitsch/.m2/repository/io/perfmark/perfmark-api/0.19.0/perfmark-api-0.19.0.jar:/Users/akitsch/.m2/repository/org/slf4j/slf4j-api/1.7.26/slf4j-api-1.7.26.jar:/Users/akitsch/.m2/repository/com/squareup/okhttp3/okhttp/4.0.1/okhttp-4.0.1.jar:/Users/akitsch/.m2/repository/com/squareup/okio/okio/2.2.2/okio-2.2.2.jar:/Users/akitsch/.m2/repository/org/jetbrains/kotlin/kotlin-stdlib/1.2.71/kotlin-stdlib-1.2.71.jar:/Users/akitsch/.m2/repository/org/jetbrains/kotlin/kotlin-stdlib-common/1.2.71/kotlin-stdlib-common-1.2.71.jar:/Users/akitsch/.m2/repository/org/jetbrains/annotations/13.0/annotations-13.0.jar:/Users/akitsch/.m2/repository/org/springframework/boot/spring-boot-starter-test/2.1.4.RELEASE/spring-boot-starter-test-2.1.4.RELEASE.jar:/Users/akitsch/.m2/repository/org/springframework/boot/spring-boot-test/2.1.4.RELEASE/spring-boot-test-2.1.4.RELEASE.jar:/Users/akitsch/.m2/repository/org/springframework/boot/spring-boot-test-autoconfigure/2.1.4.RELEASE/spring-boot-test-autoconfigure-2.1.4.RELEASE.jar:/Users/akitsch/.m2/repository/com/jayway/jsonpath/json-path/2.4.0/json-path-2.4.0.jar:/Users/akitsch/.m2/repository/net/minidev/json-smart/2.3/json-smart-2.3.jar:/Users/akitsch/.m2/repository/net/minidev/accessors-smart/1.2/accessors-smart-1.2.jar:/Users/akitsch/.m2/repository/junit/junit/4.12/junit-4.12.jar:/Users/akitsch/.m2/repository/org/assertj/assertj-core/3.11.1/assertj-core-3.11.1.jar:/Users/akitsch/.m2/repository/org/mockito/mockito-core/2.23.4/mockito-core-2.23.4.jar:/Users/akitsch/.m2/repository/net/bytebuddy/byte-buddy/1.9.12/byte-buddy-1.9.12.jar:/Users/akitsch/.m2/repository/net/bytebuddy/byte-buddy-agent/1.9.12/byte-buddy-agent-1.9.12.jar:/Users/akitsch/.m2/repository/org/objenesis/objenesis/2.6/objenesis-2.6.jar:/Users/akitsch/.m2/repository/org/hamcrest/hamcrest-core/1.3/hamcrest-core-1.3.jar:/Users/akitsch/.m2/repository/org/hamcrest/hamcrest-library/1.3/hamcrest-library-1.3.jar:/Users/akitsch/.m2/repository/org/skyscreamer/jsonassert/1.5.0/jsonassert-1.5.0.jar:/Users/akitsch/.m2/repository/com/vaadin/external/google/android-json/0.0.20131108.vaadin1/android-json-0.0.20131108.vaadin1.jar:/Users/akitsch/.m2/repository/org/springframework/spring-test/5.1.6.RELEASE/spring-test-5.1.6.RELEASE.jar:/Users/akitsch/.m2/repository/org/xmlunit/xmlunit-core/2.6.2/xmlunit-core-2.6.2.jar:/Users/akitsch/.m2/repository/javax/xml/bind/jaxb-api/2.3.1/jaxb-api-2.3.1.jar:/Users/akitsch/.m2/repository/javax/activation/javax.activation-api/1.2.0/javax.activation-api-1.2.0.jar:"/>
    <property name="sun.cpu.endian" value="little"/>
    <property name="user.home" value="/Users/akitsch"/>
    <property name="user.language" value="en"/>
    <property name="java.specification.vendor" value="Oracle Corporation"/>
    <property name="java.version.date" value="2019-07-16"/>
    <property name="java.home" value="/Library/Java/JavaVirtualMachines/jdk-11.0.4.jdk/Contents/Home"/>
    <property name="file.separator" value="/"/>
    <property name="basedir" value="/Users/akitsch/code/samples/cloud-run-samples/java-sample"/>
    <property name="java.vm.compressedOopsMode" value="Zero based"/>
    <property name="line.separator" value="&#10;"/>
    <property name="java.specification.name" value="Java Platform API Specification"/>
    <property name="java.vm.specification.vendor" value="Oracle Corporation"/>
    <property name="java.awt.graphicsenv" value="sun.awt.CGraphicsEnvironment"/>
    <property name="surefire.real.class.path" value="/Users/akitsch/code/samples/cloud-run-samples/java-sample/target/surefire/surefirebooter15811150754234340380.jar"/>
    <property name="sun.management.compiler" value="HotSpot 64-Bit Tiered Compilers"/>
    <property name="ftp.nonProxyHosts" value="local|*.local|169.254/16|*.169.254/16"/>
    <property name="java.runtime.version" value="11.0.4+10-LTS"/>
    <property name="user.name" value="akitsch"/>
    <property name="path.separator" value=":"/>
    <property name="os.version" value="10.14.6"/>
    <property name="java.runtime.name" value="Java(TM) SE Runtime Environment"/>
    <property name="file.encoding" value="UTF-8"/>
    <property name="java.vm.name" value="Java HotSpot(TM) 64-Bit Server VM"/>
    <property name="java.vendor.version" value="18.9"/>
    <property name="localRepository" value="/Users/akitsch/.m2/repository"/>
    <property name="java.vendor.url.bug" value="http://bugreport.java.com/bugreport/"/>
    <property name="java.io.tmpdir" value="/var/folders/nf/zhcp6qlj2kn9hcvfsz9s8tc000hfxv/T/"/>
    <property name="java.version" value="11.0.4"/>
    <property name="user.dir" value="/Users/akitsch/code/samples/cloud-run-samples/java-sample"/>
    <property name="os.arch" value="x86_64"/>
    <property name="java.vm.specification.name" value="Java Virtual Machine Specification"/>
    <property name="java.awt.printerjob" value="sun.lwawt.macosx.CPrinterJob"/>
    <property name="sun.os.patch.level" value="unknown"/>
    <property name="java.library.path" value="/Users/akitsch/Library/Java/Extensions:/Library/Java/Extensions:/Network/Library/Java/Extensions:/System/Library/Java/Extensions:/usr/lib/java:."/>
    <property name="java.vendor" value="Oracle Corporation"/>
    <property name="java.vm.info" value="mixed mode"/>
    <property name="java.vm.version" value="11.0.4+10-LTS"/>
    <property name="sun.io.unicode.encoding" value="UnicodeBig"/>
    <property name="java.class.version" value="55.0"/>
    <property name="socksNonProxyHosts" value="local|*.local|169.254/16|*.169.254/16"/>
  </properties>
  <testcase name="getIndexView" classname="cloudcode.helloworld.web.HelloWorldControllerTests" time="0.993"/>
</testsuite>